# JRE version: OpenJDK Runtime Environment (17.0.6) (build 17.0.6+0-b2043.56-9586694)
# Java VM: OpenJDK 64-Bit Server VM (17.0.6+0-b2043.56-9586694, mixed mode, tiered, compressed oops, compressed class ptrs, g1 gc, windows-amd64)
GC Precious Log:
 CPUs: 2 total, 2 available
 Memory: 3918M
 Large Page Support: Disabled
 NUMA Support: Disabled
 Compressed Oops: Enabled (32-bit)
 Heap Region Size: 1M
 Heap Min Capacity: 8M
 Heap Initial Capacity: 62M
 Heap Max Capacity: 2G
 Pre-touch: Disabled
 Parallel Workers: 2
 Concurrent Workers: 1
 Concurrent Refinement Workers: 2
 Periodic GC: Disabled
Heap:
 garbage-first heap   total 228352K, used 89920K [0x0000000080000000, 0x0000000100000000)
  region size 1024K, 9 young (9216K), 9 survivors (9216K)
 Metaspace       used 91409K, committed 92160K, reserved 1130496K
  class space    used 12326K, committed 12672K, reserved 1048576K
GC Heap History (20 events):
Event: 140.165 GC heap after
{Heap after GC invocations=57 (full 0):
 garbage-first heap   total 181248K, used 83883K [0x0000000080000000, 0x0000000100000000)
  region size 1024K, 3 young (3072K), 3 survivors (3072K)
 Metaspace       used 86681K, committed 87296K, reserved 1130496K
  class space    used 11781K, committed 12032K, reserved 1048576K
}
Event: 140.768 GC heap before
{Heap before GC invocations=58 (full 0):
 garbage-first heap   total 181248K, used 121771K [0x0000000080000000, 0x0000000100000000)
  region size 1024K, 27 young (27648K), 3 survivors (3072K)
 Metaspace       used 86684K, committed 87296K, reserved 1130496K
  class space    used 11783K, committed 12032K, reserved 1048576K
}
Event: 140.780 GC heap after
{Heap after GC invocations=59 (full 0):
 garbage-first heap   total 181248K, used 88119K [0x0000000080000000, 0x0000000100000000)
  region size 1024K, 3 young (3072K), 3 survivors (3072K)
 Metaspace       used 86684K, committed 87296K, reserved 1130496K
  class space    used 11783K, committed 12032K, reserved 1048576K
}
Event: 141.176 GC heap before
{Heap before GC invocations=60 (full 0):
 garbage-first heap   total 181248K, used 95287K [0x0000000080000000, 0x0000000100000000)
  region size 1024K, 9 young (9216K), 3 survivors (3072K)
 Metaspace       used 86687K, committed 87296K, reserved 1130496K
  class space    used 11784K, committed 12032K, reserved 1048576K
}
Event: 141.184 GC heap after
{Heap after GC invocations=61 (full 0):
 garbage-first heap   total 181248K, used 89143K [0x0000000080000000, 0x0000000100000000)
  region size 1024K, 3 young (3072K), 3 survivors (3072K)
 Metaspace       used 86687K, committed 87296K, reserved 1130496K
  class space    used 11784K, committed 12032K, reserved 1048576K
}
Event: 145.214 GC heap before
{Heap before GC invocations=62 (full 0):
 garbage-first heap   total 181248K, used 126007K [0x0000000080000000, 0x0000000100000000)
  region size 1024K, 31 young (31744K), 3 survivors (3072K)
 Metaspace       used 86838K, committed 87616K, reserved 1130496K
  class space    used 11794K, committed 12096K, reserved 1048576K
}
Event: 145.229 GC heap after
{Heap after GC invocations=63 (full 0):
 garbage-first heap   total 181248K, used 78416K [0x0000000080000000, 0x0000000100000000)
  region size 1024K, 5 young (5120K), 5 survivors (5120K)
 Metaspace       used 86838K, committed 87616K, reserved 1130496K
  class space    used 11794K, committed 12096K, reserved 1048576K
}
Event: 145.258 GC heap before
{Heap before GC invocations=63 (full 0):
 garbage-first heap   total 181248K, used 101968K [0x0000000080000000, 0x0000000100000000)
  region size 1024K, 22 young (22528K), 5 survivors (5120K)
 Metaspace       used 86838K, committed 87616K, reserved 1130496K
  class space    used 11794K, committed 12096K, reserved 1048576K
}
Event: 145.277 GC heap after
{Heap after GC invocations=64 (full 0):
 garbage-first heap   total 228352K, used 82999K [0x0000000080000000, 0x0000000100000000)
  region size 1024K, 5 young (5120K), 5 survivors (5120K)
 Metaspace       used 86838K, committed 87616K, reserved 1130496K
  class space    used 11794K, committed 12096K, reserved 1048576K
}
Event: 145.414 GC heap before
{Heap before GC invocations=64 (full 0):
 garbage-first heap   total 228352K, used 153655K [0x0000000080000000, 0x0000000100000000)
  region size 1024K, 53 young (54272K), 5 survivors (5120K)
 Metaspace       used 86838K, committed 87616K, reserved 1130496K
  class space    used 11794K, committed 12096K, reserved 1048576K
}
Event: 145.449 GC heap after
{Heap after GC invocations=65 (full 0):
 garbage-first heap   total 228352K, used 85484K [0x0000000080000000, 0x0000000100000000)
  region size 1024K, 5 young (5120K), 5 survivors (5120K)
 Metaspace       used 86838K, committed 87616K, reserved 1130496K
  class space    used 11794K, committed 12096K, reserved 1048576K
}
Event: 150.544 GC heap before
{Heap before GC invocations=65 (full 0):
 garbage-first heap   total 228352K, used 157164K [0x0000000080000000, 0x0000000100000000)
  region size 1024K, 60 young (61440K), 5 survivors (5120K)
 Metaspace       used 86864K, committed 87616K, reserved 1130496K
  class space    used 11796K, committed 12096K, reserved 1048576K
}
Event: 150.561 GC heap after
{Heap after GC invocations=66 (full 0):
 garbage-first heap   total 228352K, used 86946K [0x0000000080000000, 0x0000000100000000)
  region size 1024K, 6 young (6144K), 6 survivors (6144K)
 Metaspace       used 86864K, committed 87616K, reserved 1130496K
  class space    used 11796K, committed 12096K, reserved 1048576K
}
Event: 150.602 GC heap before
{Heap before GC invocations=66 (full 0):
 garbage-first heap   total 228352K, used 139170K [0x0000000080000000, 0x0000000100000000)
  region size 1024K, 38 young (38912K), 6 survivors (6144K)
 Metaspace       used 86864K, committed 87616K, reserved 1130496K
  class space    used 11796K, committed 12096K, reserved 1048576K
}
Event: 150.615 GC heap after
{Heap after GC invocations=67 (full 0):
 garbage-first heap   total 228352K, used 85047K [0x0000000080000000, 0x0000000100000000)
  region size 1024K, 6 young (6144K), 6 survivors (6144K)
 Metaspace       used 86864K, committed 87616K, reserved 1130496K
  class space    used 11796K, committed 12096K, reserved 1048576K
}
Event: 154.462 GC heap before
{Heap before GC invocations=67 (full 0):
 garbage-first heap   total 228352K, used 215095K [0x0000000080000000, 0x0000000100000000)
  region size 1024K, 114 young (116736K), 6 survivors (6144K)
 Metaspace       used 90978K, committed 91712K, reserved 1130496K
  class space    used 12280K, committed 12608K, reserved 1048576K
}
Event: 154.487 GC heap after
{Heap after GC invocations=68 (full 0):
 garbage-first heap   total 228352K, used 82999K [0x0000000080000000, 0x0000000100000000)
  region size 1024K, 8 young (8192K), 8 survivors (8192K)
 Metaspace       used 90978K, committed 91712K, reserved 1130496K
  class space    used 12280K, committed 12608K, reserved 1048576K
}
Event: 154.561 GC heap before
{Heap before GC invocations=68 (full 0):
 garbage-first heap   total 228352K, used 174135K [0x0000000080000000, 0x0000000100000000)
  region size 1024K, 72 young (73728K), 8 survivors (8192K)
 Metaspace       used 90980K, committed 91712K, reserved 1130496K
  class space    used 12280K, committed 12608K, reserved 1048576K
}
Event: 154.583 GC heap after
{Heap after GC invocations=69 (full 0):
 garbage-first heap   total 228352K, used 87749K [0x0000000080000000, 0x0000000100000000)
  region size 1024K, 9 young (9216K), 9 survivors (9216K)
 Metaspace       used 90980K, committed 91712K, reserved 1130496K
  class space    used 12280K, committed 12608K, reserved 1048576K
}
Event: 156.156 GC heap before
{Heap before GC invocations=69 (full 0):
 garbage-first heap   total 228352K, used 178885K [0x0000000080000000, 0x0000000100000000)
  region size 1024K, 78 young (79872K), 9 survivors (9216K)
 Metaspace       used 91409K, committed 92160K, reserved 1130496K
  class space    used 12326K, committed 12672K, reserved 1048576K
}

